InnoDB: The first specified data file .\ibdata1 did not exist:
InnoDB: a new database to be created!
120116 11:38:50  InnoDB: Setting file .\ibdata1 size to 10 MB
InnoDB: Database physically writes the file full: wait...
120116 11:38:50  InnoDB: Log file .\ib_logfile0 did not exist: new to be created
InnoDB: Setting log file .\ib_logfile0 size to 5 MB
InnoDB: Database physically writes the file full: wait...
120116 11:38:50  InnoDB: Log file .\ib_logfile1 did not exist: new to be created
InnoDB: Setting log file .\ib_logfile1 size to 5 MB
InnoDB: Database physically writes the file full: wait...
InnoDB: Doublewrite buffer not found: creating new
InnoDB: Doublewrite buffer created
InnoDB: Creating foreign key constraint system tables
InnoDB: Foreign key constraint system tables created
120116 11:38:51  InnoDB: Started; log sequence number 0 0
120116 11:38:51 [Note] mysqld: ready for connections.
Version: '5.0.90-community'  socket: ''  port: 3306  MySQL Community Edition (GPL)
InnoDB: The log sequence number in ibdata files does not match
InnoDB: the log sequence number in the ib_logfiles!
120116 11:39:07  InnoDB: Database was not shut down normally!
InnoDB: Starting crash recovery.
InnoDB: Reading tablespace information from the .ibd files...
InnoDB: Restoring possible half-written data pages from the doublewrite
InnoDB: buffer...
120116 11:39:07  InnoDB: Started; log sequence number 0 43655
120116 11:39:07 [Note] mysqld: ready for connections.
Version: '5.0.90-community'  socket: ''  port: 3306  MySQL Community Edition (GPL)
InnoDB: The log sequence number in ibdata files does not match
InnoDB: the log sequence number in the ib_logfiles!
120116 11:39:41  InnoDB: Database was not shut down normally!
InnoDB: Starting crash recovery.
InnoDB: Reading tablespace information from the .ibd files...
InnoDB: Restoring possible half-written data pages from the doublewrite
InnoDB: buffer...
120116 11:39:41  InnoDB: Started; log sequence number 0 43655
120116 11:39:41 [Note] mysqld: ready for connections.
Version: '5.0.90-community'  socket: ''  port: 3306  MySQL Community Edition (GPL)
InnoDB: The log sequence number in ibdata files does not match
InnoDB: the log sequence number in the ib_logfiles!
120116 11:47:57  InnoDB: Database was not shut down normally!
InnoDB: Starting crash recovery.
InnoDB: Reading tablespace information from the .ibd files...
InnoDB: Restoring possible half-written data pages from the doublewrite
InnoDB: buffer...
120116 11:47:57  InnoDB: Started; log sequence number 0 43655
120116 11:47:57 [Note] mysqld: ready for connections.
Version: '5.0.90-community'  socket: ''  port: 3306  MySQL Community Edition (GPL)
